<?xml version="1.0" encoding="UTF-8"?>
<!-- Generated by org.testng.reporters.JUnitReportReporter -->
<testsuite hostname="LAPTOP-9C2EJI3D" failures="0" tests="1" name="royalBrother.RentalRide1" time="79.553" errors="0" timestamp="2024-06-19T09:31:19 IST" skipped="0">
  <testcase classname="royalBrother.RentalRide1" name="demotest1" time="79.553"/>
  <system-out/>
</testsuite> <!-- royalBrother.RentalRide1 -->
